Traceback (most recent call last):
  File "/opt/anaconda3/envs/homepage/lib/python3.12/site-packages/jupyter_cache/executors/utils.py", line 58, in single_nb_execution
    executenb(
  File "/opt/anaconda3/envs/homepage/lib/python3.12/site-packages/nbclient/client.py", line 1314, in execute
    return NotebookClient(nb=nb, resources=resources, km=km, **kwargs).execute()
           ^^^^^^^^^^^^^^^^^^^^^^^^^^^^^^^^^^^^^^^^^^^^^^^^^^^^^^^^^^^^^^^^^^^^^
  File "/opt/anaconda3/envs/homepage/lib/python3.12/site-packages/jupyter_core/utils/__init__.py", line 165, in wrapped
    return loop.run_until_complete(inner)
           ^^^^^^^^^^^^^^^^^^^^^^^^^^^^^^
  File "/opt/anaconda3/envs/homepage/lib/python3.12/asyncio/base_events.py", line 687, in run_until_complete
    return future.result()
           ^^^^^^^^^^^^^^^
  File "/opt/anaconda3/envs/homepage/lib/python3.12/site-packages/nbclient/client.py", line 709, in async_execute
    await self.async_execute_cell(
  File "/opt/anaconda3/envs/homepage/lib/python3.12/site-packages/nbclient/client.py", line 1062, in async_execute_cell
    await self._check_raise_for_error(cell, cell_index, exec_reply)
  File "/opt/anaconda3/envs/homepage/lib/python3.12/site-packages/nbclient/client.py", line 918, in _check_raise_for_error
    raise CellExecutionError.from_cell_and_msg(cell, exec_reply_content)
nbclient.exceptions.CellExecutionError: An error occurred while executing the following cell:
------------------
import numpy as np
import sympy as sp 
from numpy.polynomial import Legendre, Chebyshev
import matplotlib.pyplot as plt
from scipy.integrate import quad
from lagrange import Lagrangebasis, Lagrangefunction
from scipy.interpolate import BarycentricInterpolator
x = sp.Symbol('x')

cj = lambda j: 2 if j == 0 else 1
Tj = lambda j, x: sp.cos(j * sp.acos(x))

def sq_L2_norm(j, space=Legendre):
    r"""Compute the square of the L2 norm for given basisfunction

    Parameters
    ----------
    j : int
        The basis number
    space : Class instance, optional
        Either Chebyshev or Lagrange 
    
    Return
    
    .. math::
    
        \|\psi_i\|^2_{\omega}
    
    """
    if space == Legendre:
        return sp.Rational(2, 2*j+1)
    elif space == Chebyshev:
        return cj(j)*sp.pi*sp.S.Half

def inner(u, i, domain, space=Legendre):
    r"""Compute the inner product 

    Parameters
    ----------
    u : Sympy function
    i : int
        The basis number
    domain : 2-tuple
        The true spatial domain
    space : Class instance, optional
        Either Chebyshev or Lagrange 
    
    Return
    
    .. math::
    
        (u, \psi_i)_{\omega}
    """
    A, B = -1, 1
    a, b = domain
    us = u.subs(x, a + (b-a)*(x-A)/(B-A)) 
    if space == Legendre:
        v = Legendre.basis(i)
        uv = lambda xj: sp.lambdify(x, us)(xj)*v(xj)
        return quad(uv, A, B)[0]
    elif space == Chebyshev:
        us = us.subs(x, sp.cos(x))
        uv = sp.lambdify(x, us)
        A, B = 0, np.pi
        return quad(uv, A, B, weight='cos', wvar=i)[0]
        # Alternative implementation. See https://docs.scipy.org/doc/scipy/reference/generated/scipy.integrate.quad.html
        #v = Chebyshev.basis(i)
        #uv = lambda xj: sp.lambdify(x, us)(xj)*v(xj)
        #return quad(uv, A, B, weight='alg', wvar=(-0.5, -0.5))[0]

------------------


[0;31m---------------------------------------------------------------------------[0m
[0;31mModuleNotFoundError[0m                       Traceback (most recent call last)
Cell [0;32mIn[1], line 1[0m
[0;32m----> 1[0m [38;5;28;01mimport[39;00m [38;5;21;01mnumpy[39;00m [38;5;28;01mas[39;00m [38;5;21;01mnp[39;00m
[1;32m      2[0m [38;5;28;01mimport[39;00m [38;5;21;01msympy[39;00m [38;5;28;01mas[39;00m [38;5;21;01msp[39;00m 
[1;32m      3[0m [38;5;28;01mfrom[39;00m [38;5;21;01mnumpy[39;00m[38;5;21;01m.[39;00m[38;5;21;01mpolynomial[39;00m [38;5;28;01mimport[39;00m Legendre, Chebyshev

[0;31mModuleNotFoundError[0m: No module named 'numpy'

