Traceback (most recent call last):
  File "/Users/mikaelmortensen/opt/anaconda3/envs/book/lib/python3.11/site-packages/jupyter_cache/executors/utils.py", line 58, in single_nb_execution
    executenb(
  File "/Users/mikaelmortensen/opt/anaconda3/envs/book/lib/python3.11/site-packages/nbclient/client.py", line 1305, in execute
    return NotebookClient(nb=nb, resources=resources, km=km, **kwargs).execute()
           ^^^^^^^^^^^^^^^^^^^^^^^^^^^^^^^^^^^^^^^^^^^^^^^^^^^^^^^^^^^^^^^^^^^^^
  File "/Users/mikaelmortensen/opt/anaconda3/envs/book/lib/python3.11/site-packages/jupyter_core/utils/__init__.py", line 173, in wrapped
    return loop.run_until_complete(inner)
           ^^^^^^^^^^^^^^^^^^^^^^^^^^^^^^
  File "/Users/mikaelmortensen/opt/anaconda3/envs/book/lib/python3.11/asyncio/base_events.py", line 653, in run_until_complete
    return future.result()
           ^^^^^^^^^^^^^^^
  File "/Users/mikaelmortensen/opt/anaconda3/envs/book/lib/python3.11/site-packages/nbclient/client.py", line 705, in async_execute
    await self.async_execute_cell(
  File "/Users/mikaelmortensen/opt/anaconda3/envs/book/lib/python3.11/site-packages/nbclient/client.py", line 1058, in async_execute_cell
    await self._check_raise_for_error(cell, cell_index, exec_reply)
  File "/Users/mikaelmortensen/opt/anaconda3/envs/book/lib/python3.11/site-packages/nbclient/client.py", line 914, in _check_raise_for_error
    raise CellExecutionError.from_cell_and_msg(cell, exec_reply_content)
nbclient.exceptions.CellExecutionError: An error occurred while executing the following cell:
------------------
# Mandatory assignment due 10 November - 2023


* Please organize you project in a fork of the repository at: https://github.com/MATMEK-4270/matmek4270-mandatory2. You should start by changing the badge in the README to reflect your own work.

* Collaboration/discussion among students is encouraged, but each student need an individual fork of the repository.

* You need a green badge in order to pass the mandatory assignment.

------------------


[0;36m  File [0;32m"<ipython-input-1-2c6ecfb80e67>"[0;36m, line [0;32m4[0m
[0;31m    * Please organize you project in a fork of the repository at: https://github.com/MATMEK-4270/matmek4270-mandatory2. You should start by changing the badge in the README to reflect your own work.[0m
[0m                    ^[0m
[0;31mSyntaxError[0m[0;31m:[0m invalid syntax


